<?xml version="1.0" encoding="UTF-8"?>
<!-- Generated by org.testng.reporters.JUnitReportReporter -->
<testsuite hostname="DESKTOP-0P7BDU8" name="ClassesProject.VerifyValidLogin" tests="1" failures="0" timestamp="30 Mar 2017 11:24:37 GMT" time="26.693" errors="0">
  <testcase name="checkvaliduser" time="26.693" classname="ClassesProject.VerifyValidLogin"/>
</testsuite> <!-- ClassesProject.VerifyValidLogin -->
