<?xml version="1.0" encoding="UTF-8"?>
<!-- Generated by org.testng.reporters.JUnitReportReporter -->
<testsuite skipped="0" hostname="DESKTOP-0P7BDU8" name="ClassesProject.VerifyValidLogin" tests="1" failures="0" timestamp="30 Mar 2017 11:12:03 GMT" time="26.608" errors="0">
  <testcase name="checkvaliduser" time="26.608" classname="ClassesProject.VerifyValidLogin"/>
</testsuite> <!-- ClassesProject.VerifyValidLogin -->
